<?xml version="1.0" encoding="UTF-8"?>
<!-- Generated by org.testng.reporters.JUnitXMLReporter -->
<testsuite hostname="AndresLaptop" ignored="0" name="Test Login Screen With Data Provider" tests="3" failures="0" timestamp="28 Jan 2023 21:31:17 GMT" time="29.548" errors="0">
  <testcase name="testMethod1" time="16.802" classname="Exercises.LessonTwentyOne.TestWithDataProvider"/>
  <testcase name="testMethod1" time="4.991" classname="Exercises.LessonTwentyOne.TestWithDataProvider"/>
  <testcase name="testMethod1" time="6.596" classname="Exercises.LessonTwentyOne.TestWithDataProvider"/>
</testsuite> <!-- Test Login Screen With Data Provider -->
