<?xml version="1.0" encoding="UTF-8"?>
<!-- Generated by org.testng.reporters.JUnitXMLReporter -->
<testsuite hostname="AndresLaptop" ignored="0" name="Test Login Screen" tests="2" failures="0" timestamp="29 Nov 2022 07:20:46 GMT" time="80.518" errors="0">
  <testcase name="testSolutionOne" time="41.391" classname="Exercises.LessonNineteen.HomeworkWithTestNG"/>
  <testcase name="testSolutionTwo" time="39.058" classname="Exercises.LessonNineteen.HomeworkWithTestNG"/>
</testsuite> <!-- Test Login Screen -->
