-------------------------------------------------------------------------------
Test set: TestSuite
-------------------------------------------------------------------------------
Tests run: 4, Failures: 1, Errors: 0, Skipped: 0, Time elapsed: 37.057 s <<< FAILURE! - in TestSuite
Exercises.LessonTwentyOne.TestWithDataProvider.testMethod1[Exercises.LessonNineteen.LoginCredential@16d47101](3)  Time elapsed: 6.728 s  <<< FAILURE!
java.lang.AssertionError: Verify login success popup detail message expected [Just using for test] but found [You are logged in!]
	at Exercises.LessonTwentyOne.TestWithDataProvider.testMethod1(TestWithDataProvider.java:16)

