<?xml version="1.0" encoding="UTF-8"?>
<testng-results skipped="0" failed="0" ignored="0" total="4" passed="4">
  <reporter-output>
  </reporter-output>
  <suite name="Regression" duration-ms="31099" started-at="2023-01-28T21:30:48Z" finished-at="2023-01-28T21:31:19Z">
    <groups>
    </groups>
    <test name="Test Login Screen With Data Provider" duration-ms="29548" started-at="2023-01-28T21:30:48Z" finished-at="2023-01-28T21:31:17Z">
      <class name="Exercises.LessonTwentyOne.TestWithDataProvider">
        <test-method status="PASS" signature="initAppiumSession(java.lang.String, java.lang.String, java.lang.String, java.lang.String)[pri:0, instance:Exercises.LessonTwentyOne.TestWithDataProvider@530a8454]" name="initAppiumSession" is-config="true" duration-ms="47" started-at="2023-01-28T21:30:48Z" finished-at="2023-01-28T21:30:48Z">
          <params>
            <param index="0">
              <value>
                <![CDATA[emulator-5556]]>
              </value>
            </param>
            <param index="1">
              <value>
                <![CDATA[6000]]>
              </value>
            </param>
            <param index="2">
              <value>
                <![CDATA[android]]>
              </value>
            </param>
            <param index="3">
              <value>
                <![CDATA[platformVersion]]>
              </value>
            </param>
          </params>
          <reporter-output>
          </reporter-output>
        </test-method> <!-- initAppiumSession -->
        <test-method status="PASS" signature="testMethod1(Exercises.LessonNineteen.LoginCredential)[pri:0, instance:Exercises.LessonTwentyOne.TestWithDataProvider@530a8454]" name="testMethod1" duration-ms="16802" started-at="2023-01-28T21:30:48Z" data-provider="MyTestFunction" finished-at="2023-01-28T21:31:05Z">
          <params>
            <param index="0">
              <value>
                <![CDATA[Exercises.LessonNineteen.LoginCredential@4d5799a]]>
              </value>
            </param>
          </params>
          <reporter-output>
          </reporter-output>
        </test-method> <!-- testMethod1 -->
        <test-method status="PASS" signature="takeErrorScreenShot(org.testng.ITestResult)[pri:0, instance:Exercises.LessonTwentyOne.TestWithDataProvider@530a8454]" name="takeErrorScreenShot" is-config="true" duration-ms="3" started-at="2023-01-28T21:31:05Z" finished-at="2023-01-28T21:31:05Z">
          <params>
            <param index="0">
              <value>
                <![CDATA[[TestResult name=testMethod1 status=SUCCESS method=TestWithDataProvider.testMethod1(Exercises.LessonNineteen.LoginCredential)[pri:0, instance:Exercises.LessonTwentyOne.TestWithDataProvider@530a8454] output={null}]]]>
              </value>
            </param>
          </params>
          <reporter-output>
          </reporter-output>
        </test-method> <!-- takeErrorScreenShot -->
        <test-method status="PASS" signature="testMethod1(Exercises.LessonNineteen.LoginCredential)[pri:0, instance:Exercises.LessonTwentyOne.TestWithDataProvider@530a8454]" name="testMethod1" duration-ms="4991" started-at="2023-01-28T21:31:05Z" data-provider="MyTestFunction" finished-at="2023-01-28T21:31:10Z">
          <params>
            <param index="0">
              <value>
                <![CDATA[Exercises.LessonNineteen.LoginCredential@5e8d354a]]>
              </value>
            </param>
          </params>
          <reporter-output>
          </reporter-output>
        </test-method> <!-- testMethod1 -->
        <test-method status="PASS" signature="takeErrorScreenShot(org.testng.ITestResult)[pri:0, instance:Exercises.LessonTwentyOne.TestWithDataProvider@530a8454]" name="takeErrorScreenShot" is-config="true" duration-ms="0" started-at="2023-01-28T21:31:10Z" finished-at="2023-01-28T21:31:10Z">
          <params>
            <param index="0">
              <value>
                <![CDATA[[TestResult name=testMethod1 status=SUCCESS method=TestWithDataProvider.testMethod1(Exercises.LessonNineteen.LoginCredential)[pri:0, instance:Exercises.LessonTwentyOne.TestWithDataProvider@530a8454] output={null}]]]>
              </value>
            </param>
          </params>
          <reporter-output>
          </reporter-output>
        </test-method> <!-- takeErrorScreenShot -->
        <test-method status="PASS" signature="testMethod1(Exercises.LessonNineteen.LoginCredential)[pri:0, instance:Exercises.LessonTwentyOne.TestWithDataProvider@530a8454]" name="testMethod1" duration-ms="6596" started-at="2023-01-28T21:31:10Z" data-provider="MyTestFunction" finished-at="2023-01-28T21:31:16Z">
          <params>
            <param index="0">
              <value>
                <![CDATA[Exercises.LessonNineteen.LoginCredential@1fdcfff9]]>
              </value>
            </param>
          </params>
          <reporter-output>
          </reporter-output>
        </test-method> <!-- testMethod1 -->
        <test-method status="PASS" signature="takeErrorScreenShot(org.testng.ITestResult)[pri:0, instance:Exercises.LessonTwentyOne.TestWithDataProvider@530a8454]" name="takeErrorScreenShot" is-config="true" duration-ms="0" started-at="2023-01-28T21:31:16Z" finished-at="2023-01-28T21:31:16Z">
          <params>
            <param index="0">
              <value>
                <![CDATA[[TestResult name=testMethod1 status=SUCCESS method=TestWithDataProvider.testMethod1(Exercises.LessonNineteen.LoginCredential)[pri:0, instance:Exercises.LessonTwentyOne.TestWithDataProvider@530a8454] output={null}]]]>
              </value>
            </param>
          </params>
          <reporter-output>
          </reporter-output>
        </test-method> <!-- takeErrorScreenShot -->
        <test-method status="PASS" signature="closeAppiumSession()[pri:0, instance:Exercises.LessonTwentyOne.TestWithDataProvider@530a8454]" name="closeAppiumSession" is-config="true" duration-ms="767" started-at="2023-01-28T21:31:16Z" finished-at="2023-01-28T21:31:17Z">
          <reporter-output>
          </reporter-output>
        </test-method> <!-- closeAppiumSession -->
      </class> <!-- Exercises.LessonTwentyOne.TestWithDataProvider -->
    </test> <!-- Test Login Screen With Data Provider -->
    <test name="Test Webview" duration-ms="31099" started-at="2023-01-28T21:30:48Z" finished-at="2023-01-28T21:31:19Z">
      <class name="Exercises.LessonTwentyOne.TestWebView">
        <test-method status="PASS" signature="initAppiumSession(java.lang.String, java.lang.String, java.lang.String, java.lang.String)[pri:0, instance:Exercises.LessonTwentyOne.TestWebView@1162410a]" name="initAppiumSession" is-config="true" duration-ms="47" started-at="2023-01-28T21:30:48Z" finished-at="2023-01-28T21:30:48Z">
          <params>
            <param index="0">
              <value>
                <![CDATA[emulator-5554]]>
              </value>
            </param>
            <param index="1">
              <value>
                <![CDATA[6001]]>
              </value>
            </param>
            <param index="2">
              <value>
                <![CDATA[android]]>
              </value>
            </param>
            <param index="3">
              <value>
                <![CDATA[platformVersion]]>
              </value>
            </param>
          </params>
          <reporter-output>
          </reporter-output>
        </test-method> <!-- initAppiumSession -->
        <test-method status="PASS" signature="testWebView()[pri:0, instance:Exercises.LessonTwentyOne.TestWebView@1162410a]" name="testWebView" duration-ms="30563" started-at="2023-01-28T21:30:48Z" finished-at="2023-01-28T21:31:18Z">
          <reporter-output>
          </reporter-output>
        </test-method> <!-- testWebView -->
        <test-method status="PASS" signature="takeErrorScreenShot(org.testng.ITestResult)[pri:0, instance:Exercises.LessonTwentyOne.TestWebView@1162410a]" name="takeErrorScreenShot" is-config="true" duration-ms="1" started-at="2023-01-28T21:31:18Z" finished-at="2023-01-28T21:31:18Z">
          <params>
            <param index="0">
              <value>
                <![CDATA[[TestResult name=testWebView status=SUCCESS method=TestWebView.testWebView()[pri:0, instance:Exercises.LessonTwentyOne.TestWebView@1162410a] output={null}]]]>
              </value>
            </param>
          </params>
          <reporter-output>
          </reporter-output>
        </test-method> <!-- takeErrorScreenShot -->
        <test-method status="PASS" signature="closeAppiumSession()[pri:0, instance:Exercises.LessonTwentyOne.TestWebView@1162410a]" name="closeAppiumSession" is-config="true" duration-ms="435" started-at="2023-01-28T21:31:18Z" finished-at="2023-01-28T21:31:19Z">
          <reporter-output>
          </reporter-output>
        </test-method> <!-- closeAppiumSession -->
      </class> <!-- Exercises.LessonTwentyOne.TestWebView -->
    </test> <!-- Test Webview -->
  </suite> <!-- Regression -->
</testng-results>
